<?xml version="1.0" encoding="UTF-8"?>
<!-- Generated by org.testng.reporters.JUnitReportReporter -->
<testsuite skipped="0" hostname="DESKTOP-DL5557A" name="com.crmTestRunner.FirstCRMTestRunner" tests="1" failures="0" timestamp="2020-11-12T23:12:37 IST" time="30.056" errors="0">
  <testcase name="runScenario" time="30.056" classname="com.crmTestRunner.FirstCRMTestRunner"/>
  <system-out/>
</testsuite> <!-- com.crmTestRunner.FirstCRMTestRunner -->
