<?xml version="1.0" encoding="UTF-8"?>
<!-- Generated by org.testng.reporters.JUnitReportReporter -->
<testsuite skipped="0" hostname="DESKTOP-DL5557A" name="com.crmTestRunner.FirstCRMTestRunner" tests="1" failures="0" timestamp="2020-10-02T17:11:50 IST" time="24.570" errors="0">
  <testcase name="runScenario" time="24.570" classname="com.crmTestRunner.FirstCRMTestRunner"/>
  <system-out/>
</testsuite> <!-- com.crmTestRunner.FirstCRMTestRunner -->
